c:\users\laura\downloads\cg2023-01\cg2023-01-main\trabalhos\trabalhoga\debug\vc143.pdb
c:\users\laura\downloads\cg2023-01\cg2023-01-main\trabalhos\trabalhoga\debug\vc143.idb
c:\users\laura\downloads\cg2023-01\cg2023-01-main\trabalhos\trabalhoga\debug\glad.obj
c:\users\laura\downloads\cg2023-01\cg2023-01-main\trabalhos\trabalhoga\debug\mesh.obj
c:\users\laura\downloads\cg2023-01\cg2023-01-main\trabalhos\trabalhoga\debug\main.obj
c:\users\laura\downloads\cg2023-01\cg2023-01-main\trabalhos\trabalhoga\debug\imgui_widgets.obj
c:\users\laura\downloads\cg2023-01\cg2023-01-main\trabalhos\trabalhoga\debug\imgui_tables.obj
c:\users\laura\downloads\cg2023-01\cg2023-01-main\trabalhos\trabalhoga\debug\imgui_impl_opengl3.obj
c:\users\laura\downloads\cg2023-01\cg2023-01-main\trabalhos\trabalhoga\debug\imgui_impl_glfw.obj
c:\users\laura\downloads\cg2023-01\cg2023-01-main\trabalhos\trabalhoga\debug\imgui_draw.obj
c:\users\laura\downloads\cg2023-01\cg2023-01-main\trabalhos\trabalhoga\debug\imgui_demo.obj
c:\users\laura\downloads\cg2023-01\cg2023-01-main\trabalhos\trabalhoga\debug\imgui.obj
c:\users\laura\downloads\cg2023-01\cg2023-01-main\trabalhos\trabalhoga\debug\imguifiledialog.obj
c:\users\laura\downloads\cg2023-01\cg2023-01-main\trabalhos\trabalhoga\debug\trabalhoga.ilk
c:\users\laura\downloads\cg2023-01\cg2023-01-main\trabalhos\trabalhoga\debug\trabalhoga.exe
c:\users\laura\downloads\cg2023-01\cg2023-01-main\trabalhos\trabalhoga\debug\trabalhoga.pdb
c:\users\laura\downloads\cg2023-01\cg2023-01-main\trabalhos\trabalhoga\debug\trabalhoga.lib
c:\users\laura\downloads\cg2023-01\cg2023-01-main\trabalhos\trabalhoga\debug\trabalhoga.exp
c:\users\laura\downloads\cg2023-01\cg2023-01-main\trabalhos\trabalhoga\debug\trabalhoga.tlog\cl.command.1.tlog
c:\users\laura\downloads\cg2023-01\cg2023-01-main\trabalhos\trabalhoga\debug\trabalhoga.tlog\cl.read.1.tlog
c:\users\laura\downloads\cg2023-01\cg2023-01-main\trabalhos\trabalhoga\debug\trabalhoga.tlog\cl.write.1.tlog
c:\users\laura\downloads\cg2023-01\cg2023-01-main\trabalhos\trabalhoga\debug\trabalhoga.tlog\link.command.1.tlog
c:\users\laura\downloads\cg2023-01\cg2023-01-main\trabalhos\trabalhoga\debug\trabalhoga.tlog\link.read.1.tlog
c:\users\laura\downloads\cg2023-01\cg2023-01-main\trabalhos\trabalhoga\debug\trabalhoga.tlog\link.write.1.tlog
c:\users\laura\downloads\cg2023-01\cg2023-01-main\trabalhos\trabalhoga\debug\trabalhoga.tlog\link.write.2u.tlog
